
=== Thu Nov  3 22:53:17 2022

Packages were changed.
Update Mode: updateDependencies

The following packages were added:
  com.unity.ide.visualstudio@2.0.16
The following packages were updated:
  com.unity.collab-proxy from version 1.2.16 to 1.17.2
  com.unity.ide.rider from version 1.1.4 to 3.0.15
  com.unity.ide.vscode from version 1.2.3 to 1.2.5
  com.unity.test-framework from version 1.1.20 to 1.1.31
  com.unity.textmeshpro from version 2.1.1 to 3.0.6
  com.unity.timeline from version 1.2.17 to 1.6.4

=== Sun Nov  6 16:28:20 2022

Packages were changed.
Update Mode: updateDependencies

The following packages were added:
  com.unity.ai.navigation@1.1.0-pre.1
The following packages were updated:
  com.unity.test-framework from version 1.1.31 to 1.1.33
  com.unity.timeline from version 1.6.4 to 1.7.1
